<?xml version="1.0" encoding="UTF-8"?>
<!-- Generated by org.testng.reporters.JUnitReportReporter -->
<testsuite skipped="0" hostname="sys" name="org.iit.healthcare.mmp.patientmodule.tests.ScheduleAppointmentTests" tests="1" failures="0" timestamp="07 Jan 2021 01:59:35 GMT" time="25.730" errors="0">
  <testcase name="validateScheduleAppointment" time="25.730" classname="org.iit.healthcare.mmp.patientmodule.tests.ScheduleAppointmentTests"/>
</testsuite> <!-- org.iit.healthcare.mmp.patientmodule.tests.ScheduleAppointmentTests -->
