<?xml version="1.0" encoding="UTF-8"?>
<!-- Generated by org.testng.reporters.JUnitReportReporter -->
<testsuite skipped="0" hostname="sys" name="org.iit.healthcare.mmp.ScheduleAppointmentTests" tests="1" failures="0" timestamp="26 Nov 2020 01:56:51 GMT" time="100.494" errors="0">
  <testcase name="validateScheduleAppointment" time="100.494" classname="org.iit.healthcare.mmp.ScheduleAppointmentTests"/>
</testsuite> <!-- org.iit.healthcare.mmp.ScheduleAppointmentTests -->
